c:\users\ben\desktop\stuff\programming\c++\unrealeditor\unrealeditor\debug\vc141.pdb
c:\users\ben\desktop\stuff\programming\c++\unrealeditor\unrealeditor\debug\vc141.idb
c:\users\ben\desktop\stuff\programming\c++\unrealeditor\unrealeditor\debug\stdafx.obj
c:\users\ben\desktop\stuff\programming\c++\unrealeditor\unrealeditor\debug\unrealeditor.obj
c:\users\ben\desktop\stuff\programming\c++\unrealeditor2\unrealeditor\debug\vc141.pdb
c:\users\ben\desktop\stuff\programming\c++\unrealeditor2\unrealeditor\debug\vc141.idb
c:\users\ben\desktop\stuff\programming\c++\unrealeditor2\unrealeditor\debug\stdafx.obj
c:\users\ben\desktop\stuff\programming\c++\unrealeditor2\unrealeditor\debug\unrealeditor.obj
c:\users\ben\desktop\stuff\programming\c++\unrealeditor3\unrealeditor\debug\vc141.pdb
c:\users\ben\desktop\stuff\programming\c++\unrealeditor3\unrealeditor\debug\vc141.idb
c:\users\ben\desktop\stuff\programming\c++\unrealeditor3\unrealeditor\debug\unrealeditor.obj
c:\users\ben\desktop\stuff\programming\c++\unrealeditor3\unrealeditor\debug\stdafx.obj
c:\users\ben\desktop\stuff\programming\c++\unrealeditor\debug\unrealeditor.ilk
c:\users\ben\desktop\stuff\programming\c++\unrealeditor\debug\unrealeditor.exe
c:\users\ben\desktop\stuff\programming\c++\unrealeditor\debug\unrealeditor.pdb
c:\users\ben\desktop\stuff\programming\c++\unrealeditor2\debug\unrealeditor.exe
c:\users\ben\desktop\stuff\programming\c++\unrealeditor2\debug\unrealeditor.ilk
c:\users\ben\desktop\stuff\programming\c++\unrealeditor2\debug\unrealeditor.pdb
c:\users\ben\desktop\stuff\programming\c++\unrealeditor3\debug\unrealeditor.exe
c:\users\ben\desktop\stuff\programming\c++\unrealeditor3\debug\unrealeditor.ilk
c:\users\ben\desktop\stuff\programming\c++\unrealeditor3\debug\unrealeditor.pdb
c:\users\ben\desktop\stuff\programming\c++\unrealeditor3\unrealeditor\debug\unrealeditor.tlog\cl.command.1.tlog
c:\users\ben\desktop\stuff\programming\c++\unrealeditor3\unrealeditor\debug\unrealeditor.tlog\cl.read.1.tlog
c:\users\ben\desktop\stuff\programming\c++\unrealeditor3\unrealeditor\debug\unrealeditor.tlog\cl.write.1.tlog
c:\users\ben\desktop\stuff\programming\c++\unrealeditor3\unrealeditor\debug\unrealeditor.tlog\link.command.1.tlog
c:\users\ben\desktop\stuff\programming\c++\unrealeditor3\unrealeditor\debug\unrealeditor.tlog\link.read.1.tlog
c:\users\ben\desktop\stuff\programming\c++\unrealeditor3\unrealeditor\debug\unrealeditor.tlog\link.write.1.tlog
